<?xml version="1.0" encoding="UTF-8"?>
<testsuite xmlns:xsi="http://www.w3.org/2001/XMLSchema-instance" xsi:noNamespaceSchemaLocation="https://maven.apache.org/surefire/maven-surefire-plugin/xsd/surefire-test-report.xsd" name="hello.HelloControllerTest" time="0.504" tests="1" errors="1" skipped="0" failures="0">
  <properties>
[...]
</properties>
  <testcase name="initializationError" classname="hello.HelloControllerTest" time="0.004">
    <error message="Unable to find a @SpringBootConfiguration, you need to use @ContextConfiguration or @SpringBootTest(classes=...) with your test" type="java.lang.IllegalStateException">java.lang.IllegalStateException: Unable to find a @SpringBootConfiguration, you need to use @ContextConfiguration or @SpringBootTest(classes=...) with your test
</error>
    <system-out><![CDATA[11:19:19.470 [main] DEBUG org.springframework.test.context.junit4.SpringJUnit4ClassRunner - SpringJUnit4ClassRunner constructor called with [class hello.HelloControllerTest]
11:19:19.477 [main] DEBUG org.springframework.test.context.BootstrapUtils - Instantiating CacheAwareContextLoaderDelegate from class [org.springframework.test.context.cache.DefaultCacheAwareContextLoaderDelegate]
11:19:19.485 [main] DEBUG org.springframework.test.context.BootstrapUtils - Instantiating BootstrapContext using constructor [public org.springframework.test.context.support.DefaultBootstrapContext(java.lang.Class,org.springframework.test.context.CacheAwareContextLoaderDelegate)]
11:19:19.518 [main] DEBUG org.springframework.test.context.BootstrapUtils - Instantiating TestContextBootstrapper for test class [hello.HelloControllerTest] from class [org.springframework.boot.test.context.SpringBootTestContextBootstrapper]
11:19:19.535 [main] INFO org.springframework.boot.test.context.SpringBootTestContextBootstrapper - Neither @ContextConfiguration nor @ContextHierarchy found for test class [hello.HelloControllerTest], using SpringBootContextLoader
11:19:19.538 [main] DEBUG org.springframework.test.context.support.AbstractContextLoader - Did not detect default resource location for test class [hello.HelloControllerTest]: class path resource [hello/HelloControllerTest-context.xml] does not exist
11:19:19.539 [main] DEBUG org.springframework.test.context.support.AbstractContextLoader - Did not detect default resource location for test class [hello.HelloControllerTest]: class path resource [hello/HelloControllerTestContext.groovy] does not exist
11:19:19.539 [main] INFO org.springframework.test.context.support.AbstractContextLoader - Could not detect default resource locations for test class [hello.HelloControllerTest]: no resource found for suffixes {-context.xml, Context.groovy}.
11:19:19.540 [main] INFO org.springframework.test.context.support.AnnotationConfigContextLoaderUtils - Could not detect default configuration classes for test class [hello.HelloControllerTest]: HelloControllerTest does not declare any static, non-private, non-final, nested classes annotated with @Configuration.
11:19:19.602 [main] DEBUG org.springframework.test.context.support.ActiveProfilesUtils - Could not find an 'annotation declaring class' for annotation type [org.springframework.test.context.ActiveProfiles] and class [hello.HelloControllerTest]
11:19:19.613 [main] DEBUG org.springframework.core.env.StandardEnvironment - Adding PropertySource 'systemProperties' with lowest search precedence
11:19:19.613 [main] DEBUG org.springframework.core.env.StandardEnvironment - Adding PropertySource 'systemEnvironment' with lowest search precedence
11:19:19.620 [main] DEBUG org.springframework.core.env.StandardEnvironment - Initialized StandardEnvironment with PropertySources [MapPropertySource@1027007693 {name='systemProperties', properties={java.runtime.name=Java(TM) SE Runtime Environment, sun.boot.library.path=C:\Program Files\Java\jdk1.8.0_121\jre\bin, java.vm.version=25.121-b13, java.vm.vendor=Oracle Corporation, java.vendor.url=http://java.oracle.com/, path.separator=;, java.vm.name=Java HotSpot(TM) 64-Bit Server VM, file.encoding.pkg=sun.io, user.country=CN, user.script=, sun.java.launcher=SUN_STANDARD, sun.os.patch.level=Service Pack 1, java.vm.specification.name=Java Virtual Machine Specification, user.dir=E:\Workspaces\code\owner\gs-spring-boot\complete, java.runtime.version=1.8.0_121-b13, basedir=E:\Workspaces\code\owner\gs-spring-boot\complete, java.awt.graphicsenv=sun.awt.Win32GraphicsEnvironment, java.endorsed.dirs=C:\Program Files\Java\jdk1.8.0_121\jre\lib\endorsed, os.arch=amd64, surefire.real.class.path=C:\Users\Administrator\AppData\Local\Temp\surefire650363143026705837\surefirebooter2224816849367230188.jar, java.io.tmpdir=C:\Users\Administrator\AppData\Local\Temp\, line.separator=
, java.vm.specification.vendor=Oracle Corporation, user.variant=, os.name=Windows 7, sun.jnu.encoding=GBK, java.library.path=C:\Program Files\Java\jdk1.8.0_121\jre\bin;C:\Windows\Sun\Java\bin;C:\Windows\system32;C:\Windows;C:/Program Files/Java/jre1.8.0_162/bin/server;C:/Program Files/Java/jre1.8.0_162/bin;C:/Program Files/Java/jre1.8.0_162/lib/amd64;C:\ProgramData\Oracle\Java\javapath;C:\Windows\system32;C:\Windows;C:\Windows\System32\Wbem;C:\Windows\System32\WindowsPowerShell\v1.0\;C:\Program Files\TortoiseSVN\bin;C:\Program Files\Java\jdk1.8.0_121\bin;C:\Program Files\Java\jdk1.8.0_121\jre\bin;C:\Maven-3.3.9\bin;C:\Program Files\MySQL\MySQL Utilities 1.6\;C:\Program Files\Git\cmd;D:\Programs\OpenVPN\bin;C:\Tomcat-8.0.38\bin;C:\Tomcat-8.0.38\lib;D:\Programs\SQLserver\x86\100\Tools\Binn\;D:\Programs\SQLserver\100\Tools\Binn\;D:\Programs\SQLserver\100\DTS\Binn\;D:\Programs\SQLserver\x86\100\Tools\Binn\VSShell\Common7\IDE\;C:\Program Files (x86)\Microsoft Visual Studio 9.0\Common7\IDE\PrivateAssemblies\;D:\Programs\SQLserver\x86\100\DTS\Binn\;D:\Programs\eclipseMars;;., surefire.test.class.path=E:\Workspaces\code\owner\gs-spring-boot\complete\target\test-classes;E:\Workspaces\code\owner\gs-spring-boot\complete\target\classes;D:\WelabJars\org\springframework\boot\spring-boot-starter-web\2.0.2.RELEASE\spring-boot-starter-web-2.0.2.RELEASE.jar;D:\WelabJars\org\springframework\boot\spring-boot-starter\2.0.2.RELEASE\spring-boot-starter-2.0.2.RELEASE.jar;D:\WelabJars\org\springframework\boot\spring-boot\2.0.2.RELEASE\spring-boot-2.0.2.RELEASE.jar;D:\WelabJars\org\springframework\boot\spring-boot-autoconfigure\2.0.2.RELEASE\spring-boot-autoconfigure-2.0.2.RELEASE.jar;D:\WelabJars\org\springframework\boot\spring-boot-starter-logging\2.0.2.RELEASE\spring-boot-starter-logging-2.0.2.RELEASE.jar;D:\WelabJars\ch\qos\logback\logback-classic\1.2.3\logback-classic-1.2.3.jar;D:\WelabJars\ch\qos\logback\logback-core\1.2.3\logback-core-1.2.3.jar;D:\WelabJars\org\apache\logging\log4j\log4j-to-slf4j\2.10.0\log4j-to-slf4j-2.10.0.jar;D:\WelabJars\org\apache\logging\log4j\log4j-api\2.10.0\log4j-api-2.10.0.jar;D:\WelabJars\org\slf4j\jul-to-slf4j\1.7.25\jul-to-slf4j-1.7.25.jar;D:\WelabJars\javax\annotation\javax.annotation-api\1.3.2\javax.annotation-api-1.3.2.jar;D:\WelabJars\org\yaml\snakeyaml\1.19\snakeyaml-1.19.jar;D:\WelabJars\org\springframework\boot\spring-boot-starter-json\2.0.2.RELEASE\spring-boot-starter-json-2.0.2.RELEASE.jar;D:\WelabJars\com\fasterxml\jackson\core\jackson-databind\2.9.5\jackson-databind-2.9.5.jar;D:\WelabJars\com\fasterxml\jackson\core\jackson-annotations\2.9.0\jackson-annotations-2.9.0.jar;D:\WelabJars\com\fasterxml\jackson\core\jackson-core\2.9.5\jackson-core-2.9.5.jar;D:\WelabJars\com\fasterxml\jackson\datatype\jackson-datatype-jdk8\2.9.5\jackson-datatype-jdk8-2.9.5.jar;D:\WelabJars\com\fasterxml\jackson\datatype\jackson-datatype-jsr310\2.9.5\jackson-datatype-jsr310-2.9.5.jar;D:\WelabJars\com\fasterxml\jackson\module\jackson-module-parameter-names\2.9.5\jackson-module-parameter-names-2.9.5.jar;D:\WelabJars\org\springframework\boot\spring-boot-starter-tomcat\2.0.2.RELEASE\spring-boot-starter-tomcat-2.0.2.RELEASE.jar;D:\WelabJars\org\apache\tomcat\embed\tomcat-embed-core\8.5.31\tomcat-embed-core-8.5.31.jar;D:\WelabJars\org\apache\tomcat\embed\tomcat-embed-el\8.5.31\tomcat-embed-el-8.5.31.jar;D:\WelabJars\org\apache\tomcat\embed\tomcat-embed-websocket\8.5.31\tomcat-embed-websocket-8.5.31.jar;D:\WelabJars\org\hibernate\validator\hibernate-validator\6.0.9.Final\hibernate-validator-6.0.9.Final.jar;D:\WelabJars\javax\validation\validation-api\2.0.1.Final\validation-api-2.0.1.Final.jar;D:\WelabJars\org\jboss\logging\jboss-logging\3.3.2.Final\jboss-logging-3.3.2.Final.jar;D:\WelabJars\com\fasterxml\classmate\1.3.4\classmate-1.3.4.jar;D:\WelabJars\org\springframework\spring-web\5.0.6.RELEASE\spring-web-5.0.6.RELEASE.jar;D:\WelabJars\org\springframework\spring-beans\5.0.6.RELEASE\spring-beans-5.0.6.RELEASE.jar;D:\WelabJars\org\springframework\spring-webmvc\5.0.6.RELEASE\spring-webmvc-5.0.6.RELEASE.jar;D:\WelabJars\org\springframework\spring-aop\5.0.6.RELEASE\spring-aop-5.0.6.RELEASE.jar;D:\WelabJars\org\springframework\spring-context\5.0.6.RELEASE\spring-context-5.0.6.RELEASE.jar;D:\WelabJars\org\springframework\spring-expression\5.0.6.RELEASE\spring-expression-5.0.6.RELEASE.jar;D:\WelabJars\org\springframework\boot\spring-boot-starter-actuator\2.0.2.RELEASE\spring-boot-starter-actuator-2.0.2.RELEASE.jar;D:\WelabJars\org\springframework\boot\spring-boot-actuator-autoconfigure\2.0.2.RELEASE\spring-boot-actuator-autoconfigure-2.0.2.RELEASE.jar;D:\WelabJars\org\springframework\boot\spring-boot-actuator\2.0.2.RELEASE\spring-boot-actuator-2.0.2.RELEASE.jar;D:\WelabJars\io\micrometer\micrometer-core\1.0.4\micrometer-core-1.0.4.jar;D:\WelabJars\org\hdrhistogram\HdrHistogram\2.1.10\HdrHistogram-2.1.10.jar;D:\WelabJars\org\latencyutils\LatencyUtils\2.0.3\LatencyUtils-2.0.3.jar;D:\WelabJars\org\springframework\boot\spring-boot-starter-test\2.0.2.RELEASE\spring-boot-starter-test-2.0.2.RELEASE.jar;D:\WelabJars\org\springframework\boot\spring-boot-test\2.0.2.RELEASE\spring-boot-test-2.0.2.RELEASE.jar;D:\WelabJars\org\springframework\boot\spring-boot-test-autoconfigure\2.0.2.RELEASE\spring-boot-test-autoconfigure-2.0.2.RELEASE.jar;D:\WelabJars\com\jayway\jsonpath\json-path\2.4.0\json-path-2.4.0.jar;D:\WelabJars\net\minidev\json-smart\2.3\json-smart-2.3.jar;D:\WelabJars\net\minidev\accessors-smart\1.2\accessors-smart-1.2.jar;D:\WelabJars\org\ow2\asm\asm\5.0.4\asm-5.0.4.jar;D:\WelabJars\org\slf4j\slf4j-api\1.7.25\slf4j-api-1.7.25.jar;D:\WelabJars\junit\junit\4.12\junit-4.12.jar;D:\WelabJars\org\assertj\assertj-core\3.9.1\assertj-core-3.9.1.jar;D:\WelabJars\org\mockito\mockito-core\2.15.0\mockito-core-2.15.0.jar;D:\WelabJars\net\bytebuddy\byte-buddy\1.7.11\byte-buddy-1.7.11.jar;D:\WelabJars\net\bytebuddy\byte-buddy-agent\1.7.11\byte-buddy-agent-1.7.11.jar;D:\WelabJars\org\objenesis\objenesis\2.6\objenesis-2.6.jar;D:\WelabJars\org\hamcrest\hamcrest-core\1.3\hamcrest-core-1.3.jar;D:\WelabJars\org\hamcrest\hamcrest-library\1.3\hamcrest-library-1.3.jar;D:\WelabJars\org\skyscreamer\jsonassert\1.5.0\jsonassert-1.5.0.jar;D:\WelabJars\com\vaadin\external\google\android-json\0.0.20131108.vaadin1\android-json-0.0.20131108.vaadin1.jar;D:\WelabJars\org\springframework\spring-core\5.0.6.RELEASE\spring-core-5.0.6.RELEASE.jar;D:\WelabJars\org\springframework\spring-jcl\5.0.6.RELEASE\spring-jcl-5.0.6.RELEASE.jar;D:\WelabJars\org\springframework\spring-test\5.0.6.RELEASE\spring-test-5.0.6.RELEASE.jar;D:\WelabJars\org\xmlunit\xmlunit-core\2.5.1\xmlunit-core-2.5.1.jar;, java.specification.name=Java Platform API Specification, java.class.version=52.0, sun.management.compiler=HotSpot 64-Bit Tiered Compilers, os.version=6.1, user.home=C:\Users\Administrator, user.timezone=Asia/Shanghai, java.awt.printerjob=sun.awt.windows.WPrinterJob, file.encoding=GBK, java.specification.version=1.8, java.class.path=E:\Workspaces\code\owner\gs-spring-boot\complete\target\test-classes;E:\Workspaces\code\owner\gs-spring-boot\complete\target\classes;D:\WelabJars\org\springframework\boot\spring-boot-starter-web\2.0.2.RELEASE\spring-boot-starter-web-2.0.2.RELEASE.jar;D:\WelabJars\org\springframework\boot\spring-boot-starter\2.0.2.RELEASE\spring-boot-starter-2.0.2.RELEASE.jar;D:\WelabJars\org\springframework\boot\spring-boot\2.0.2.RELEASE\spring-boot-2.0.2.RELEASE.jar;D:\WelabJars\org\springframework\boot\spring-boot-autoconfigure\2.0.2.RELEASE\spring-boot-autoconfigure-2.0.2.RELEASE.jar;D:\WelabJars\org\springframework\boot\spring-boot-starter-logging\2.0.2.RELEASE\spring-boot-starter-logging-2.0.2.RELEASE.jar;D:\WelabJars\ch\qos\logback\logback-classic\1.2.3\logback-classic-1.2.3.jar;D:\WelabJars\ch\qos\logback\logback-core\1.2.3\logback-core-1.2.3.jar;D:\WelabJars\org\apache\logging\log4j\log4j-to-slf4j\2.10.0\log4j-to-slf4j-2.10.0.jar;D:\WelabJars\org\apache\logging\log4j\log4j-api\2.10.0\log4j-api-2.10.0.jar;D:\WelabJars\org\slf4j\jul-to-slf4j\1.7.25\jul-to-slf4j-1.7.25.jar;D:\WelabJars\javax\annotation\javax.annotation-api\1.3.2\javax.annotation-api-1.3.2.jar;D:\WelabJars\org\yaml\snakeyaml\1.19\snakeyaml-1.19.jar;D:\WelabJars\org\springframework\boot\spring-boot-starter-json\2.0.2.RELEASE\spring-boot-starter-json-2.0.2.RELEASE.jar;D:\WelabJars\com\fasterxml\jackson\core\jackson-databind\2.9.5\jackson-databind-2.9.5.jar;D:\WelabJars\com\fasterxml\jackson\core\jackson-annotations\2.9.0\jackson-annotations-2.9.0.jar;D:\WelabJars\com\fasterxml\jackson\core\jackson-core\2.9.5\jackson-core-2.9.5.jar;D:\WelabJars\com\fasterxml\jackson\datatype\jackson-datatype-jdk8\2.9.5\jackson-datatype-jdk8-2.9.5.jar;D:\WelabJars\com\fasterxml\jackson\datatype\jackson-datatype-jsr310\2.9.5\jackson-datatype-jsr310-2.9.5.jar;D:\WelabJars\com\fasterxml\jackson\module\jackson-module-parameter-names\2.9.5\jackson-module-parameter-names-2.9.5.jar;D:\WelabJars\org\springframework\boot\spring-boot-starter-tomcat\2.0.2.RELEASE\spring-boot-starter-tomcat-2.0.2.RELEASE.jar;D:\WelabJars\org\apache\tomcat\embed\tomcat-embed-core\8.5.31\tomcat-embed-core-8.5.31.jar;D:\WelabJars\org\apache\tomcat\embed\tomcat-embed-el\8.5.31\tomcat-embed-el-8.5.31.jar;D:\WelabJars\org\apache\tomcat\embed\tomcat-embed-websocket\8.5.31\tomcat-embed-websocket-8.5.31.jar;D:\WelabJars\org\hibernate\validator\hibernate-validator\6.0.9.Final\hibernate-validator-6.0.9.Final.jar;D:\WelabJars\javax\validation\validation-api\2.0.1.Final\validation-api-2.0.1.Final.jar;D:\WelabJars\org\jboss\logging\jboss-logging\3.3.2.Final\jboss-logging-3.3.2.Final.jar;D:\WelabJars\com\fasterxml\classmate\1.3.4\classmate-1.3.4.jar;D:\WelabJars\org\springframework\spring-web\5.0.6.RELEASE\spring-web-5.0.6.RELEASE.jar;D:\WelabJars\org\springframework\spring-beans\5.0.6.RELEASE\spring-beans-5.0.6.RELEASE.jar;D:\WelabJars\org\springframework\spring-webmvc\5.0.6.RELEASE\spring-webmvc-5.0.6.RELEASE.jar;D:\WelabJars\org\springframework\spring-aop\5.0.6.RELEASE\spring-aop-5.0.6.RELEASE.jar;D:\WelabJars\org\springframework\spring-context\5.0.6.RELEASE\spring-context-5.0.6.RELEASE.jar;D:\WelabJars\org\springframework\spring-expression\5.0.6.RELEASE\spring-expression-5.0.6.RELEASE.jar;D:\WelabJars\org\springframework\boot\spring-boot-starter-actuator\2.0.2.RELEASE\spring-boot-starter-actuator-2.0.2.RELEASE.jar;D:\WelabJars\org\springframework\boot\spring-boot-actuator-autoconfigure\2.0.2.RELEASE\spring-boot-actuator-autoconfigure-2.0.2.RELEASE.jar;D:\WelabJars\org\springframework\boot\spring-boot-actuator\2.0.2.RELEASE\spring-boot-actuator-2.0.2.RELEASE.jar;D:\WelabJars\io\micrometer\micrometer-core\1.0.4\micrometer-core-1.0.4.jar;D:\WelabJars\org\hdrhistogram\HdrHistogram\2.1.10\HdrHistogram-2.1.10.jar;D:\WelabJars\org\latencyutils\LatencyUtils\2.0.3\LatencyUtils-2.0.3.jar;D:\WelabJars\org\springframework\boot\spring-boot-starter-test\2.0.2.RELEASE\spring-boot-starter-test-2.0.2.RELEASE.jar;D:\WelabJars\org\springframework\boot\spring-boot-test\2.0.2.RELEASE\spring-boot-test-2.0.2.RELEASE.jar;D:\WelabJars\org\springframework\boot\spring-boot-test-autoconfigure\2.0.2.RELEASE\spring-boot-test-autoconfigure-2.0.2.RELEASE.jar;D:\WelabJars\com\jayway\jsonpath\json-path\2.4.0\json-path-2.4.0.jar;D:\WelabJars\net\minidev\json-smart\2.3\json-smart-2.3.jar;D:\WelabJars\net\minidev\accessors-smart\1.2\accessors-smart-1.2.jar;D:\WelabJars\org\ow2\asm\asm\5.0.4\asm-5.0.4.jar;D:\WelabJars\org\slf4j\slf4j-api\1.7.25\slf4j-api-1.7.25.jar;D:\WelabJars\junit\junit\4.12\junit-4.12.jar;D:\WelabJars\org\assertj\assertj-core\3.9.1\assertj-core-3.9.1.jar;D:\WelabJars\org\mockito\mockito-core\2.15.0\mockito-core-2.15.0.jar;D:\WelabJars\net\bytebuddy\byte-buddy\1.7.11\byte-buddy-1.7.11.jar;D:\WelabJars\net\bytebuddy\byte-buddy-agent\1.7.11\byte-buddy-agent-1.7.11.jar;D:\WelabJars\org\objenesis\objenesis\2.6\objenesis-2.6.jar;D:\WelabJars\org\hamcrest\hamcrest-core\1.3\hamcrest-core-1.3.jar;D:\WelabJars\org\hamcrest\hamcrest-library\1.3\hamcrest-library-1.3.jar;D:\WelabJars\org\skyscreamer\jsonassert\1.5.0\jsonassert-1.5.0.jar;D:\WelabJars\com\vaadin\external\google\android-json\0.0.20131108.vaadin1\android-json-0.0.20131108.vaadin1.jar;D:\WelabJars\org\springframework\spring-core\5.0.6.RELEASE\spring-core-5.0.6.RELEASE.jar;D:\WelabJars\org\springframework\spring-jcl\5.0.6.RELEASE\spring-jcl-5.0.6.RELEASE.jar;D:\WelabJars\org\springframework\spring-test\5.0.6.RELEASE\spring-test-5.0.6.RELEASE.jar;D:\WelabJars\org\xmlunit\xmlunit-core\2.5.1\xmlunit-core-2.5.1.jar;, user.name=Administrator, java.vm.specification.version=1.8, sun.java.command=C:\Users\Administrator\AppData\Local\Temp\surefire650363143026705837\surefirebooter2224816849367230188.jar C:\Users\Administrator\AppData\Local\Temp\surefire650363143026705837 2018-05-24T11-19-17_597-jvmRun1 surefire8957472656987149725tmp surefire_06288412527386329623tmp, java.home=C:\Program Files\Java\jdk1.8.0_121\jre, sun.arch.data.model=64, user.language=zh, java.specification.vendor=Oracle Corporation, awt.toolkit=sun.awt.windows.WToolkit, java.vm.info=mixed mode, java.version=1.8.0_121, java.ext.dirs=C:\Program Files\Java\jdk1.8.0_121\jre\lib\ext;C:\Windows\Sun\Java\lib\ext, sun.boot.class.path=C:\Program Files\Java\jdk1.8.0_121\jre\lib\resources.jar;C:\Program Files\Java\jdk1.8.0_121\jre\lib\rt.jar;C:\Program Files\Java\jdk1.8.0_121\jre\lib\sunrsasign.jar;C:\Program Files\Java\jdk1.8.0_121\jre\lib\jsse.jar;C:\Program Files\Java\jdk1.8.0_121\jre\lib\jce.jar;C:\Program Files\Java\jdk1.8.0_121\jre\lib\charsets.jar;C:\Program Files\Java\jdk1.8.0_121\jre\lib\jfr.jar;C:\Program Files\Java\jdk1.8.0_121\jre\classes, java.vendor=Oracle Corporation, localRepository=D:\WelabJars, file.separator=\, java.vendor.url.bug=http://bugreport.sun.com/bugreport/, sun.io.unicode.encoding=UnicodeLittle, sun.cpu.endian=little, sun.desktop=windows, sun.cpu.isalist=amd64}}, SystemEnvironmentPropertySource@1783047508 {name='systemEnvironment', properties={PATH=C:/Program Files/Java/jre1.8.0_162/bin/server;C:/Program Files/Java/jre1.8.0_162/bin;C:/Program Files/Java/jre1.8.0_162/lib/amd64;C:\ProgramData\Oracle\Java\javapath;C:\Windows\system32;C:\Windows;C:\Windows\System32\Wbem;C:\Windows\System32\WindowsPowerShell\v1.0\;C:\Program Files\TortoiseSVN\bin;C:\Program Files\Java\jdk1.8.0_121\bin;C:\Program Files\Java\jdk1.8.0_121\jre\bin;C:\Maven-3.3.9\bin;C:\Program Files\MySQL\MySQL Utilities 1.6\;C:\Program Files\Git\cmd;D:\Programs\OpenVPN\bin;C:\Tomcat-8.0.38\bin;C:\Tomcat-8.0.38\lib;D:\Programs\SQLserver\x86\100\Tools\Binn\;D:\Programs\SQLserver\100\Tools\Binn\;D:\Programs\SQLserver\100\DTS\Binn\;D:\Programs\SQLserver\x86\100\Tools\Binn\VSShell\Common7\IDE\;C:\Program Files (x86)\Microsoft Visual Studio 9.0\Common7\IDE\PrivateAssemblies\;D:\Programs\SQLserver\x86\100\DTS\Binn\;D:\Programs\eclipseMars;, LOCALAPPDATA=C:\Users\Administrator\AppData\Local, PROCESSOR_LEVEL=6, SYSTEMDRIVE=C:, COMMONPROGRAMFILES(X86)=C:\Program Files (x86)\Common Files, FP_NO_HOST_CHECK=NO, USERDOMAIN=0D1GTWYC6147CT7, LOGONSERVER=\\0D1GTWYC6147CT7, JAVA_HOME=C:\Program Files\Java\jdk1.8.0_121, PROMPT=$P$G, SESSIONNAME=Console, ALLUSERSPROFILE=C:\ProgramData, PROGRAMFILES(X86)=C:\Program Files (x86), ASL.LOG=Destination=file, PROCESSOR_ARCHITECTURE=AMD64, =E:=E:\Workspaces\code\owner\gs-spring-boot\complete, CATALINA_BASE=C:\Tomcat-8.0.38, MAVEN_HOME=C:\Maven-3.3.9, PROGRAMFILES=C:\Program Files, WINDOWS_TRACING_FLAGS=3, APPDATA=C:\Users\Administrator\AppData\Roaming, PSMODULEPATH=C:\Windows\system32\WindowsPowerShell\v1.0\Modules\, PROGRAMW6432=C:\Program Files, PROGRAMDATA=C:\ProgramData, SYSTEMROOT=C:\Windows, USERNAME=Administrator, PATHEXT=.COM;.EXE;.BAT;.CMD;.VBS;.VBE;.JS;.JSE;.WSF;.WSH;.MSC, OS=Windows_NT, COMMONPROGRAMW6432=C:\Program Files\Common Files, COMPUTERNAME=0D1GTWYC6147CT7, COMMONPROGRAMFILES=C:\Program Files\Common Files, COMSPEC=C:\Windows\system32\cmd.exe, CATALINA_HOME=C:\Tomcat-8.0.38, PROCESSOR_REVISION=8e09, CLASSPATH=C:\Program Files\Java\jdk1.8.0_121\lib;C:\Program Files\Java\jdk1.8.0_121\lib\tools.jar, WINDIR=C:\Windows, HOMEPATH=\Users\Administrator, TEMP=C:\Users\Administrator\AppData\Local\Temp, HOMEDRIVE=C:, PROCESSOR_IDENTIFIER=Intel64 Family 6 Model 142 Stepping 9, GenuineIntel, USERPROFILE=C:\Users\Administrator, TMP=C:\Users\Administrator\AppData\Local\Temp, WINDOWS_TRACING_LOGFILE=C:\BVTBin\Tests\installpackage\csilogfile.log, PUBLIC=C:\Users\Public, NUMBER_OF_PROCESSORS=4, =::=::\}}]
11:19:19.641 [main] DEBUG org.springframework.core.io.support.PathMatchingResourcePatternResolver - Resolved classpath location [hello/] to resources [URL [file:/E:/Workspaces/code/owner/gs-spring-boot/complete/target/test-classes/hello/]]
11:19:19.641 [main] DEBUG org.springframework.core.io.support.PathMatchingResourcePatternResolver - Looking for matching resources in directory tree [E:\Workspaces\code\owner\gs-spring-boot\complete\target\test-classes\hello]
11:19:19.642 [main] DEBUG org.springframework.core.io.support.PathMatchingResourcePatternResolver - Searching directory [E:\Workspaces\code\owner\gs-spring-boot\complete\target\test-classes\hello] for files matching pattern [E:/Workspaces/code/owner/gs-spring-boot/complete/target/test-classes/hello/*.class]
11:19:19.648 [main] DEBUG org.springframework.core.io.support.PathMatchingResourcePatternResolver - Resolved location pattern [classpath*:hello/*.class] to resources [file [E:\Workspaces\code\owner\gs-spring-boot\complete\target\test-classes\hello\HelloControllerIT.class], file [E:\Workspaces\code\owner\gs-spring-boot\complete\target\test-classes\hello\HelloControllerTest.class]]
]]></system-out>
  </testcase>
</testsuite>